<?xml version="1.0" encoding="UTF-8"?>
<!-- Generated by org.testng.reporters.JUnitXMLReporter -->
<testsuite hostname="MacBook-Pro-2.local" ignored="0" name="vytrack3" tests="3" failures="0" timestamp="2021-03-10T18:41:30 EST" time="9.843" errors="0">
  <testcase name="test" time="2.982" classname="com.Vytrack.testscripts.testingTable"/>
  <testcase name="test" time="2.399" classname="com.Vytrack.testscripts.testingTable"/>
  <testcase name="test" time="4.46" classname="com.Vytrack.testscripts.testingTable"/>
</testsuite> <!-- vytrack3 -->
