<?xml version="1.0" encoding="UTF-8"?>
<!-- Generated by org.testng.reporters.JUnitXMLReporter -->
<testsuite ignored="0" hostname="MacBook-Pro-2.local" failures="0" tests="1" name="vytrack1" time="0.001" errors="0" timestamp="2021-03-12T23:24:25 EST">
  <testcase classname="com.Vytrack.testscripts.testCase2" name="@BeforeMethod setUpMethod" time="-1.615609465032E9">
    <failure type="org.testng.TestNGException" message="
Can inject only one of &amp;lt;ITestContext, XmlTest, Method, Object[], ITestResult&amp;gt; into a @BeforeMethod annotated setUpMethod.
For more information on native dependency injection please refer to https://testng.org/doc/documentation-main.html#native-dependency-injection">
      <![CDATA[org.testng.TestNGException: 
Can inject only one of <ITestContext, XmlTest, Method, Object[], ITestResult> into a @BeforeMethod annotated setUpMethod.
For more information on native dependency injection please refer to https://testng.org/doc/documentation-main.html#native-dependency-injection
at java.base/java.util.ArrayList.forEach(ArrayList.java:1511)
... Removed 32 stack frames]]>
    </failure>
  </testcase> <!-- @BeforeMethod setUpMethod -->
  <testcase classname="com.Vytrack.base.TestBase" name="@AfterMethod tearDownMethod" time="-1.615609465033E9">
    <skipped/>
  </testcase> <!-- @AfterMethod tearDownMethod -->
  <testcase classname="com.Vytrack.testscripts.testCase2" name="vehicleCostPage" time="0.0">
    <skipped/>
  </testcase> <!-- vehicleCostPage -->
</testsuite> <!-- vytrack1 -->
