<?xml version="1.0" encoding="UTF-8"?>
<!-- Generated by org.testng.reporters.JUnitXMLReporter -->
<testsuite ignored="0" hostname="MacBook-Pro-2.local" failures="0" tests="3" name="vytrack3" time="10.191" errors="0" timestamp="2021-03-13T15:25:44 EST">
  <testcase classname="com.Vytrack.testscripts.testingTable" name="test" time="2.944"/>
  <testcase classname="com.Vytrack.testscripts.testingTable" name="test" time="2.556"/>
  <testcase classname="com.Vytrack.testscripts.testingTable" name="test" time="4.689"/>
</testsuite> <!-- vytrack3 -->
