<?xml version="1.0" encoding="UTF-8"?>
<testsuite xmlns:xsi="http://www.w3.org/2001/XMLSchema-instance" xsi:noNamespaceSchemaLocation="https://maven.apache.org/surefire/maven-surefire-plugin/xsd/surefire-test-report-3.0.xsd" version="3.0" name="TestSuite" time="52.017" tests="10" errors="0" skipped="4" failures="2">
  <properties>
[...]
</properties>
  <testcase name="test[http://etsy.com, Etsy](1)" classname="com.Vytrack.testscripts.testingTable" time="3.724">
    <system-err><![CDATA[SLF4J: Failed to load class "org.slf4j.impl.StaticLoggerBinder".
SLF4J: Defaulting to no-operation (NOP) logger implementation
SLF4J: See http://www.slf4j.org/codes.html#StaticLoggerBinder for further details.
Starting ChromeDriver 80.0.3987.106 (f68069574609230cf9b635cd784cfb1bf81bb53a-refs/branch-heads/3987@{#882}) on port 15786
Only local connections are allowed.
Please protect ports used by ChromeDriver and related test frameworks to prevent access by malicious code.
Mar 09, 2021 5:41:30 PM org.openqa.selenium.remote.ProtocolHandshake createSession
INFO: Detected dialect: W3C
Starting ChromeDriver 80.0.3987.106 (f68069574609230cf9b635cd784cfb1bf81bb53a-refs/branch-heads/3987@{#882}) on port 10019
Only local connections are allowed.
Please protect ports used by ChromeDriver and related test frameworks to prevent access by malicious code.
Mar 09, 2021 5:41:32 PM org.openqa.selenium.remote.ProtocolHandshake createSession
INFO: Detected dialect: W3C
[1615329693.401][SEVERE]: Timed out receiving message from renderer: 0.100
[1615329693.578][SEVERE]: Timed out receiving message from renderer: 0.100
[1615329693.679][SEVERE]: Timed out receiving message from renderer: 0.100
[1615329693.780][SEVERE]: Timed out receiving message from renderer: 0.100
[1615329693.885][SEVERE]: Timed out receiving message from renderer: 0.100
[1615329693.986][SEVERE]: Timed out receiving message from renderer: 0.100
[1615329694.088][SEVERE]: Timed out receiving message from renderer: 0.100
]]></system-err>
  </testcase>
  <testcase name="test[http://google.com, Google](2)" classname="com.Vytrack.testscripts.testingTable" time="2.813">
    <system-err><![CDATA[Starting ChromeDriver 80.0.3987.106 (f68069574609230cf9b635cd784cfb1bf81bb53a-refs/branch-heads/3987@{#882}) on port 36621
Only local connections are allowed.
Please protect ports used by ChromeDriver and related test frameworks to prevent access by malicious code.
Mar 09, 2021 5:41:35 PM org.openqa.selenium.remote.ProtocolHandshake createSession
INFO: Detected dialect: W3C
[1615329696.045][SEVERE]: Timed out receiving message from renderer: 0.100
[1615329696.145][SEVERE]: Timed out receiving message from renderer: 0.100
[1615329696.247][SEVERE]: Timed out receiving message from renderer: 0.100
[1615329696.347][SEVERE]: Timed out receiving message from renderer: 0.100
[1615329696.449][SEVERE]: Timed out receiving message from renderer: 0.100
[1615329696.696][SEVERE]: Timed out receiving message from renderer: 0.100
[1615329696.875][SEVERE]: Timed out receiving message from renderer: 0.100
[1615329696.976][SEVERE]: Timed out receiving message from renderer: 0.100
[1615329697.077][SEVERE]: Timed out receiving message from renderer: 0.100
]]></system-err>
  </testcase>
  <testcase name="test[http://etsy.com, Etsy](3)" classname="com.Vytrack.testscripts.testingTable" time="10.301">
    <system-err><![CDATA[Starting ChromeDriver 80.0.3987.106 (f68069574609230cf9b635cd784cfb1bf81bb53a-refs/branch-heads/3987@{#882}) on port 5579
Only local connections are allowed.
Please protect ports used by ChromeDriver and related test frameworks to prevent access by malicious code.
Mar 09, 2021 5:41:38 PM org.openqa.selenium.remote.ProtocolHandshake createSession
INFO: Detected dialect: W3C
[1615329704.957][SEVERE]: Timed out receiving message from renderer: 0.100
[1615329705.156][SEVERE]: Timed out receiving message from renderer: 0.100
[1615329705.295][SEVERE]: Timed out receiving message from renderer: 0.100
[1615329705.396][SEVERE]: Timed out receiving message from renderer: 0.100
[1615329705.502][SEVERE]: Timed out receiving message from renderer: 0.100
[1615329705.603][SEVERE]: Timed out receiving message from renderer: 0.100
[1615329705.707][SEVERE]: Timed out receiving message from renderer: 0.100
[1615329705.808][SEVERE]: Timed out receiving message from renderer: 0.100
[1615329705.909][SEVERE]: Timed out receiving message from renderer: 0.100
[1615329706.010][SEVERE]: Timed out receiving message from renderer: 0.100
[1615329706.111][SEVERE]: Timed out receiving message from renderer: 0.100
[1615329706.238][SEVERE]: Timed out receiving message from renderer: 0.100
[1615329706.545][SEVERE]: Timed out receiving message from renderer: 0.100
[1615329706.646][SEVERE]: Timed out receiving message from renderer: 0.100
[1615329706.747][SEVERE]: Timed out receiving message from renderer: 0.100
[1615329706.964][SEVERE]: Timed out receiving message from renderer: 0.100
[1615329707.099][SEVERE]: Timed out receiving message from renderer: 0.100
[1615329707.201][SEVERE]: Timed out receiving message from renderer: 0.100
]]></system-err>
  </testcase>
  <testcase name="vehicleCostPage" classname="com.Vytrack.testscripts.testCase2" time="31.153">
    <system-out><![CDATA[env = null
Depreciation and Interests
$122,222.00
Jun 23, 2020
...
Road Assistance
$1,000.00

...
Depreciation and Interests
$4,444.00

...
Depreciation and Interests
$25.00
Jun 3, 2020
...
Repair and maintenance

Jun 27, 2020
...



...
Summer tires
$6,000.00
Jun 11, 2020
...
Road Assistance
$1,000.00
Jun 28, 2020
...
Tax Roll
$10.00
Jun 13, 2020
...
Summer tires
$1,000.00
Jun 16, 2020
...
Tax Roll
$25.00
Jun 28, 2020
...
Road Assistance
$90.00
Jun 30, 2020
...
Road Assistance
$500.00
Jun 28, 2020
...
Depreciation and Interests
$100.00

...
Road Assistance
$90.00
Jun 28, 2020
...
Repair and maintenance
$100.00
Jun 28, 2020
...



...
Repair and maintenance
$150.00
Jun 29, 2020
...



...



...
Summer tires
$500.00
Jun 29, 2020
...
Road Assistance
$1,000.00
Jun 29, 2020
...



...



...



...
[TYPE
TOTAL PRICE
DATE, , Depreciation and Interests $122,222.00 Jun 23, 2020
..., Road Assistance $1,000.00
..., Depreciation and Interests $4,444.00
..., Depreciation and Interests $25.00 Jun 3, 2020
..., Repair and maintenance Jun 27, 2020
..., ..., Summer tires $6,000.00 Jun 11, 2020
..., Road Assistance $1,000.00 Jun 28, 2020
..., Tax Roll $10.00 Jun 13, 2020
..., Summer tires $1,000.00 Jun 16, 2020
..., Tax Roll $25.00 Jun 28, 2020
..., Road Assistance $90.00 Jun 30, 2020
..., Road Assistance $500.00 Jun 28, 2020
..., Depreciation and Interests $100.00
..., Road Assistance $90.00 Jun 28, 2020
..., Repair and maintenance $100.00 Jun 28, 2020
..., ..., Repair and maintenance $150.00 Jun 29, 2020
..., ..., ..., Summer tires $500.00 Jun 29, 2020
..., Road Assistance $1,000.00 Jun 29, 2020
..., ..., ..., ...]
]]></system-out>
    <system-err><![CDATA[[1615329708.459][SEVERE]: Timed out receiving message from renderer: 0.100
]]></system-err>
  </testcase>
  <testcase name="setUpMethod[null](0)" classname="com.Vytrack.testscripts.testCase1" time="31.349">
    <failure message="Session ID is null. Using WebDriver after calling quit()?&#10;Build info: version: &apos;3.141.59&apos;, revision: &apos;e82be7d358&apos;, time: &apos;2018-11-14T08:17:03&apos;&#10;System info: host: &apos;MacBook-Pro-2.local&apos;, ip: &apos;2600:8806:202:6f00:e874:6c33:f71d:f16e%en0&apos;, os.name: &apos;Mac OS X&apos;, os.arch: &apos;x86_64&apos;, os.version: &apos;10.16&apos;, java.version: &apos;1.8.0_261&apos;&#10;Driver info: driver.version: RemoteWebDriver" type="org.openqa.selenium.NoSuchSessionException"><![CDATA[org.openqa.selenium.NoSuchSessionException: 
Session ID is null. Using WebDriver after calling quit()?
Build info: version: '3.141.59', revision: 'e82be7d358', time: '2018-11-14T08:17:03'
System info: host: 'MacBook-Pro-2.local', ip: '2600:8806:202:6f00:e874:6c33:f71d:f16e%en0', os.name: 'Mac OS X', os.arch: 'x86_64', os.version: '10.16', java.version: '1.8.0_261'
Driver info: driver.version: RemoteWebDriver
]]></failure>
    <system-out><![CDATA[env = null
]]></system-out>
  </testcase>
  <testcase name="testVehiclePageInfo" classname="com.Vytrack.testscripts.testCase1" time="0">
    <skipped message="Session ID is null. Using WebDriver after calling quit()?&#10;Build info: version: &apos;3.141.59&apos;, revision: &apos;e82be7d358&apos;, time: &apos;2018-11-14T08:17:03&apos;&#10;System info: host: &apos;MacBook-Pro-2.local&apos;, ip: &apos;2600:8806:202:6f00:e874:6c33:f71d:f16e%en0&apos;, os.name: &apos;Mac OS X&apos;, os.arch: &apos;x86_64&apos;, os.version: &apos;10.16&apos;, java.version: &apos;1.8.0_261&apos;&#10;Driver info: driver.version: RemoteWebDriver"/>
  </testcase>
  <testcase name="tearDownMethod" classname="com.Vytrack.testscripts.testCase1" time="0">
    <skipped/>
  </testcase>
  <testcase name="setUpMethod[null](0)" classname="com.Vytrack.testscripts.UserStory1AC4" time="0.003">
    <failure message="Session ID is null. Using WebDriver after calling quit()?&#10;Build info: version: &apos;3.141.59&apos;, revision: &apos;e82be7d358&apos;, time: &apos;2018-11-14T08:17:03&apos;&#10;System info: host: &apos;MacBook-Pro-2.local&apos;, ip: &apos;2600:8806:202:6f00:e874:6c33:f71d:f16e%en0&apos;, os.name: &apos;Mac OS X&apos;, os.arch: &apos;x86_64&apos;, os.version: &apos;10.16&apos;, java.version: &apos;1.8.0_261&apos;&#10;Driver info: driver.version: RemoteWebDriver" type="org.openqa.selenium.NoSuchSessionException"><![CDATA[org.openqa.selenium.NoSuchSessionException: 
Session ID is null. Using WebDriver after calling quit()?
Build info: version: '3.141.59', revision: 'e82be7d358', time: '2018-11-14T08:17:03'
System info: host: 'MacBook-Pro-2.local', ip: '2600:8806:202:6f00:e874:6c33:f71d:f16e%en0', os.name: 'Mac OS X', os.arch: 'x86_64', os.version: '10.16', java.version: '1.8.0_261'
Driver info: driver.version: RemoteWebDriver
]]></failure>
    <system-out><![CDATA[env = null
]]></system-out>
  </testcase>
  <testcase name="testGridReset" classname="com.Vytrack.testscripts.UserStory1AC4" time="0">
    <skipped message="Session ID is null. Using WebDriver after calling quit()?&#10;Build info: version: &apos;3.141.59&apos;, revision: &apos;e82be7d358&apos;, time: &apos;2018-11-14T08:17:03&apos;&#10;System info: host: &apos;MacBook-Pro-2.local&apos;, ip: &apos;2600:8806:202:6f00:e874:6c33:f71d:f16e%en0&apos;, os.name: &apos;Mac OS X&apos;, os.arch: &apos;x86_64&apos;, os.version: &apos;10.16&apos;, java.version: &apos;1.8.0_261&apos;&#10;Driver info: driver.version: RemoteWebDriver"/>
  </testcase>
  <testcase name="tearDownMethod" classname="com.Vytrack.testscripts.UserStory1AC4" time="0">
    <skipped/>
  </testcase>
</testsuite>