<?xml version="1.0" encoding="UTF-8"?>
<testsuite xmlns:xsi="http://www.w3.org/2001/XMLSchema-instance" xsi:noNamespaceSchemaLocation="https://maven.apache.org/surefire/maven-surefire-plugin/xsd/surefire-test-report-3.0.xsd" version="3.0" name="TestSuite" time="33.016" tests="4" errors="0" skipped="0" failures="0">
  <properties>
[...]
</properties>
  <testcase name="testGridReset" classname="com.Vytrack.testscripts.UserStory1AC4" time="20.177">
    <system-out><![CDATA[env = null
]]></system-out>
    <system-err><![CDATA[SLF4J: Failed to load class "org.slf4j.impl.StaticLoggerBinder".
SLF4J: Defaulting to no-operation (NOP) logger implementation
SLF4J: See http://www.slf4j.org/codes.html#StaticLoggerBinder for further details.
Starting ChromeDriver 80.0.3987.106 (f68069574609230cf9b635cd784cfb1bf81bb53a-refs/branch-heads/3987@{#882}) on port 41639
Only local connections are allowed.
Please protect ports used by ChromeDriver and related test frameworks to prevent access by malicious code.
Mar 10, 2021 6:40:59 PM org.openqa.selenium.remote.ProtocolHandshake createSession
INFO: Detected dialect: W3C
[1615419660.006][SEVERE]: Timed out receiving message from renderer: 0.100
]]></system-err>
  </testcase>
  <testcase name="test[http://etsy.com, Etsy](1)" classname="com.Vytrack.testscripts.testingTable" time="2.991">
    <system-err><![CDATA[Starting ChromeDriver 80.0.3987.106 (f68069574609230cf9b635cd784cfb1bf81bb53a-refs/branch-heads/3987@{#882}) on port 32168
Only local connections are allowed.
Please protect ports used by ChromeDriver and related test frameworks to prevent access by malicious code.
Mar 10, 2021 6:41:21 PM org.openqa.selenium.remote.ProtocolHandshake createSession
INFO: Detected dialect: W3C
[1615419682.529][SEVERE]: Timed out receiving message from renderer: 0.100
[1615419683.049][SEVERE]: Timed out receiving message from renderer: 0.100
[1615419683.150][SEVERE]: Timed out receiving message from renderer: 0.100
]]></system-err>
  </testcase>
  <testcase name="test[http://google.com, Google](2)" classname="com.Vytrack.testscripts.testingTable" time="2.397">
    <system-err><![CDATA[Starting ChromeDriver 80.0.3987.106 (f68069574609230cf9b635cd784cfb1bf81bb53a-refs/branch-heads/3987@{#882}) on port 10301
Only local connections are allowed.
Please protect ports used by ChromeDriver and related test frameworks to prevent access by malicious code.
Mar 10, 2021 6:41:24 PM org.openqa.selenium.remote.ProtocolHandshake createSession
INFO: Detected dialect: W3C
[1615419685.028][SEVERE]: Timed out receiving message from renderer: 0.100
[1615419685.329][SEVERE]: Timed out receiving message from renderer: 0.100
[1615419685.430][SEVERE]: Timed out receiving message from renderer: 0.100
[1615419685.531][SEVERE]: Timed out receiving message from renderer: 0.100
[1615419685.633][SEVERE]: Timed out receiving message from renderer: 0.100
[1615419685.734][SEVERE]: Timed out receiving message from renderer: 0.100
]]></system-err>
  </testcase>
  <testcase name="test[http://etsy.com, Etsy](3)" classname="com.Vytrack.testscripts.testingTable" time="4.453">
    <system-err><![CDATA[Starting ChromeDriver 80.0.3987.106 (f68069574609230cf9b635cd784cfb1bf81bb53a-refs/branch-heads/3987@{#882}) on port 23253
Only local connections are allowed.
Please protect ports used by ChromeDriver and related test frameworks to prevent access by malicious code.
Mar 10, 2021 6:41:26 PM org.openqa.selenium.remote.ProtocolHandshake createSession
INFO: Detected dialect: W3C
[1615419688.441][SEVERE]: Timed out receiving message from renderer: 0.100
[1615419688.803][SEVERE]: Timed out receiving message from renderer: 0.100
[1615419688.904][SEVERE]: Timed out receiving message from renderer: 0.100
[1615419689.005][SEVERE]: Timed out receiving message from renderer: 0.100
[1615419689.106][SEVERE]: Timed out receiving message from renderer: 0.100
[1615419689.207][SEVERE]: Timed out receiving message from renderer: 0.100
[1615419689.308][SEVERE]: Timed out receiving message from renderer: 0.100
[1615419689.505][SEVERE]: Timed out receiving message from renderer: 0.100
[1615419689.606][SEVERE]: Timed out receiving message from renderer: 0.100
[1615419689.707][SEVERE]: Timed out receiving message from renderer: 0.100
[1615419689.872][SEVERE]: Timed out receiving message from renderer: 0.100
]]></system-err>
  </testcase>
</testsuite>